[    0.000000] Linux version 4.15.0-88-generic (buildd@lgw01-amd64-036) (gcc version 7.4.0 (Ubuntu 7.4.0-1ubuntu1~18.04.1)) #88-Ubuntu SMP Tue Feb 11 20:11:34 UTC 2020 (Ubuntu 4.15.0-88.88-generic 4.15.18)
[    0.000000] Command line: BOOT_IMAGE=/boot/vmlinuz-4.15.0-88-generic root=LABEL=cloudimg-rootfs ro console=tty1 console=ttyS0
[    0.000000] KERNEL supported cpus:
[    0.000000]   Intel GenuineIntel
[    0.000000]   AMD AuthenticAMD
[    0.000000]   Centaur CentaurHauls
[    0.000000] x86/fpu: Supporting XSAVE feature 0x001: 'x87 floating point registers'
[    0.000000] x86/fpu: Supporting XSAVE feature 0x002: 'SSE registers'
[    0.000000] x86/fpu: Supporting XSAVE feature 0x004: 'AVX registers'
[    0.000000] x86/fpu: xstate_offset[2]:  576, xstate_sizes[2]:  256
[    0.000000] x86/fpu: Enabled xstate features 0x7, context size is 832 bytes, using 'standard' format.
[    0.000000] e820: BIOS-provided physical RAM map:
[    0.000000] BIOS-e820: [mem 0x0000000000000000-0x000000000009fbff] usable
[    0.000000] BIOS-e820: [mem 0x000000000009fc00-0x000000000009ffff] reserved
[    0.000000] BIOS-e820: [mem 0x00000000000f0000-0x00000000000fffff] reserved
[    0.000000] BIOS-e820: [mem 0x0000000000100000-0x000000003ffeffff] usable
[    0.000000] BIOS-e820: [mem 0x000000003fff0000-0x000000003fffffff] ACPI data
[    0.000000] BIOS-e820: [mem 0x00000000fec00000-0x00000000fec00fff] reserved
[    0.000000] BIOS-e820: [mem 0x00000000fee00000-0x00000000fee00fff] reserved
[    0.000000] BIOS-e820: [mem 0x00000000fffc0000-0x00000000ffffffff] reserved
[    0.000000] NX (Execute Disable) protection: active
[    0.000000] SMBIOS 2.5 present.
[    0.000000] DMI: innotek GmbH VirtualBox/VirtualBox, BIOS VirtualBox 12/01/2006
[    0.000000] Hypervisor etected: KVM
[    0.000000] e820: last_pfn = 0x3fff0 max_arch_pfn = 0x400000000
[    0.000000] MTRR: Disabled
[    0.000000] x86/PAT: MTRRs disabled, skipping PAT initialization too.
[    0.000000] CPU MTRRs all blank - virtualized system.
[    0.000000] x86/PAT: Configuration [0-7]: WB  WT  UC- UC  WB  WT  UC- UC  
[    0.000000] found SMP MP-table at [mem 0x0009fff0-0x0009ffff]
[    0.000000] Scanning 1 areas for low memory corruption
[    0.000000] RAMDISK: [mem 0x35a6d000-0x36d2dfff]
[    0.000000] ACPI: Early table checksum verification disabled
[    0.000000] ACPI: RSDP 0x00000000000E0000 000024 (v02 VBOX  )
[    0.000000] ACPI: XSDT 0x000000003FFF0030 00003C (v01 VBOX   VBOXXSDT 00000001 ASL  00000061)
[    0.000000] ACPI: FACP 0x000000003FFF00F0 0000F4 (v04 VBOX   VBOXFACP 00000001 ASL  00000061)
[    0.000000] ACPI: DSDT 0x000000003FFF0470 0021FF (v02 VBOX   VBOXBIOS 00000002 INTL 20180105)
[    0.000000] ACPI: FACS 0x000000003FFF0200 000040
[    0.000000] ACPI: FACS 0x000000003FFF0200 000040
[    0.000000] ACPI: APIC 0x000000003FFF0240 00005C (v02 VBOX   VBOXAPIC 00000001 ASL  00000061)
[    0.000000] ACPI: SSDT 0x000000003FFF02A0 0001CC (v01 VBOX   VBOXCPUT 00000002 INTL 20180105)
[    0.000000] No NUMA configuration found
[    0.000000] Faking a node at [mem 0x0000000000000000-0x000000003ffeffff]
[    0.000000] NODE_DATA(0) allocated [mem 0x3ffc5000-0x3ffeffff]
[    0.000000] kvm-clock: cpu 0, msr 0:3ff44001, primary cpu clock
[    0.000000] kvm-clock: Using msrs 4b564d01 and 4b564d00
[    0.000000] kvm-clock: using sched offset of 3906853658 cycles
[    0.000000] clocksource: kvm-clock: mask: 0xffffffffffffffff max_cycles: 0x1cd42e4dffb, max_idle_ns: 881590591483 ns
[    0.000000] Zone ranges:
[    0.000000]   DMA      [mem 0x0000000000001000-0x0000000000ffffff]
[    0.000000]   DMA32    [mem 0x0000000001000000-0x000000003ffeffff]
[    0.000000]   Normal   empty
[    0.000000]   Device   empty
[    0.000000] Movable zone start for each node
[    0.000000] Early memory node ranges
[    0.000000]   node   0: [mem 0x0000000000001000-0x000000000009efff]
[    0.000000]   node   0: [mem 0x0000000000100000-0x000000003ffeffff]
[    0.000000] Reserved but unavailable: 98 pages
[    0.000000] Initmem setup node 0 [mem 0x0000000000001000-0x000000003ffeffff]
[    0.000000] ACPI: PM-Timer IO Port: 0x4008
[    0.000000] IOAPIC[0]: apic_id 2, version 32, address 0xfec00000, GSI 0-23
[    0.000000] ACPI: INT_SRC_OVR (bus 0 bus_irq 0 global_irq 2 dfl dfl)
[    0.000000] ACPI: INT_SRC_OVR (bus 0 bus_irq 9 global_irq 9 low level)
[    0.000000] Using ACPI (MADT) for SMP configuration information
[    0.000000] smpboot: Allowing 2 CPUs, 0 hotplug CPUs
[    0.000000] PM: Registered nosave memory: [mem 0x0000000-0x00000ff]
[    0.000000] PM: Registered nosave memory: [mem 0x0009f000-0x0009ffff]
[    .000000] PM: Registered nosave memory: [mem 0x000a0000-0x000effff]
[    0.000000] PM: Registered nosave memory: [mem 0x000f0000-0x00fffff]
[    0.000000] e820: [mem 0x40000000-0xfebfffff] available for PCI devices
[    0.000000] Booting paravirtualized kernel on KVM
[    0.000000] clocksource: refined-jiffies: mask: 0xffffffff max_cycles: 0xffffffff, max_idle_ns: 7645519600211568 ns
[    0.000000] random: get_random_bytes called from start_kernel+0x99/0x4fd with crng_init=0
[    0.000000] setup_percpu: NR_CPUS:8192 nr_cpumask_bits:2 nr_cpu_ids:2 nr_node_ids:1
[    0.000000] percpu: Embedded 45 pages/cpu s147456 r8192 d28672 u1048576
[    0.000000] PV qspinlock hash table entries: 256 (order: 0, 4096 bytes)
[    0.000000] Built 1 zonelists, mobility grouping on.  Total pages: 257913
[    0.000000] Policy zone: DMA32
[    0.000000] Kernel command line: BOOT_IMAGE=/boot/vmlinuz-4.15.0-88-generic root=LABEL=cloudimg-rootfs ro console=tty1 console=ttyS0
[    0.000000] Memory: 983068K/1048120K available (12300K kernel code, 2481K rwdata, 4264K rodata, 2428K init, 2712K bss, 65052K reserved, 0K cma-reserved)
[    0.000000] SLUB: HWalign=64, Order=0-3, MinObjects=0, CPUs=2, Nodes=1
[    0.000000] Kernel/User page tables isolation: enabled
[    0.000000] ftrace: allocating 39344 entries in 154 pages
[    0.004000] Hierarchical RCU implementation.
[    0.004000] 	RCU restricting CPUs from NR_CPUS=8192 to nr_cpu_ids=2.
[    0.004000] 	Tasks RCU enabled.
[    0.004000] RCU: Adjusting geometry for rcu_fanout_leaf=16, nr_cpu_ids=2
[    0.004000] NR_IRQS: 524544, nr_irqs: 440, preallocated irqs: 16
[    0.004000] Console: colour VGA+ 80x25
[    0.004000] console [tty1] enabled
[    0.004000] console [ttyS0] enabled
[    0.004000] ACPI: Core revision 20170831
[    0.004000] ACPI: 2 ACPI AML tables successfully acquired and loaded
[    0.004000] APIC: Switch to symmetric I/O mode setup
[    0.004000] x2apic enabled
[    0.004000] Switched APIC routing to physical x2apic.
[    0.00606] ..TIMER: vector=0x30 apic1=0 pin1=2 apic2=-1 pin2=-1
[    0.008010] tsc: Detected 2294.686 MHz processor
[    0.012019] Calibrating delay loop (skipped) preset value.. 4589.37 BogoMIPS (lpj=9178744)
[    0.014239] pid_max: default: 32768 minimum: 301
[    0.016068] Security Framework initialized
[    0.017239] Yama: becoming mindful.
[    0.020042] AppArmor: AppArmor initialized
[    0.022177] Dentry cache hash table entries: 131072 (order: 8, 1048576 bytes)
[    0.024127] Inode-cache hash table entries: 65536 (order: 7, 524288 bytes)
[    0.025956] Mount-cache hash table entries: 2048 (order: 2, 16384 bytes)
[    0.028023] Mountpoint-cache hash table entries: 2048 (order: 2, 16384 bytes)
[    0.032400] Last level iTLB entries: 4KB 1024, 2MB 1024, 4MB 1024
[    0.036011] Last level dTLB entries: 4KB 1024, 2MB 1024, 4MB 1024, 1GB 4
[    0.039365] Spectre V1 : Mitigation: usercopy/swapgs barriers and __user pointer sanitization
[    0.040011] Spectre V2 : Mitigation: Full generic retpoline
[    0.041356] Spectre V2 : Spectre v2 / SpectreRSB mitigation: Filling RSB on context switch
[    0.044005] Speculative Store Bypass: Vulnerable
[    0.048069] MDS: Mitigation: Clear CPU buffers
[    0.052267] Freeing SMP alternatives memory: 36K
[    0.168347] smpboot: CPU0: Intel(R) Core(TM) i5-4200U CPU @ 1.60GHz (family: 0x6, model: 0x45, stepping: 0x1)
[    0.170948] Performance Events: unsupported p6 CPU model 69 no PMU driver, software events only.
[    0.172049] Hierarchical SRCU implementation.
[    0.174006] NMI watchdog: Perf event create on CPU 0 failed with -2
[    0.176008] NMI watchdog: Perf NMI watchdog permanently disabled
[    0.177748] smp: Bringing up secondary CPUs ...
[    0.180154] x86: Booting SMP configuration:
[    0.181306] .... node  #0, CPUs:      #1
[    0.004000] kvm-clock: cpu 1, msr 0:3ff44041, secondary cpu clock
[    0.208069] smp: Brought up 1 node, 2 CPUs
[    0.209243] smpboot: Max logical packages: 1
[    0.210458] smpboot: Total of 2 processors activated (9178.74 BogoMIPS)
[    0.212212] devtmpfs: initialized
[    0.212944] x86/mm: Memory block size: 128MB
[    0.216177] evm: security.selinux
[    0.217059] evm: security.SMACK64
[    0.220018] evm: security.SMACK64EXEC
[    0.221020] evm: security.SMACK64TRANSMUTE
[    0.224009] evm: security.SMACK64MMAP
[    0.225042] evm: security.apparmor
[    0.228004] evm: security.ima
[    0.228885] evm: security.capability
[    0.230016] clocksource: jiffies: mask: 0xffffffff max_cycles: 0xffffffff, max_idle_ns: 7645041785100000 ns
[    0.232025] futex hash table entries: 512 (order: 3, 32768 bytes)
[    0.236990] pinctrl core: initialized pinctrl subsystem
[    0.238674] RTC time: 17:54:42, date: 03/07/20
[    0.240140] NET: Registered protocol family 16
[    0.241482] audit: initializing netlink subsys (disabled)
[    0.248296] audit: type=2000 audit(1583603687.104:1): state=initialized audit_enabled=0 res=1
[    0.252246] cpuidle: using governor ladder
[    0.256026] cpuidle: using governor menu
[    0.257246] ACPI: bus type PCI registered
[    0.258359] acpiphp: ACPI Hot Plug PCI Controller Driver version: 0.5
[    0.260183] PCI: Using configuration type 1 for base access
[    0.268094] HugeTLB registered 2.00 MiB page size, pre-allocated 0 pages
[    0.276028] ACPI: Added _OSI(Module Device)
[    0.277221] ACPI: Added _OSI(Processor Device)
[    0.278422] ACPI: Added _OSI(3.0 _SCP Extensions)
[    0.279696] ACPI: Added _OSI(Processor Aggregator Device)
[    0.280011] ACPI: Added _OSI(Linux-Dell-Video)
[    0.281224] ACPI: Added _OSI(Linux-Lenovo-NV-HDMI-Audio)
[    0.284014] ACPI: Added _OSI(Linux-HPI-Hybrid-Graphics)
[    0.288453] ACPI: Executed 1 blocks of module-level executable AML code
[    0.296789] ACPI: Interpreter enabled
[    0.297929] ACPI: (supports S0 S5)
[    0.298869] ACPI: Using IOAPIC for interrupt routing
[    0.300532] PCI: Using host bridge windows from ACPI; if necessary, use "pci=nocrs" and report a bug
[    0.304317] ACPI: Enabled 2 GPEs in block 00 to 07
[    0.322380] ACPI: PCI Root Bridge [PCI0] (domain 0000 [bus 00-ff])
[    0.324025] acpi PNP0A03:00: _OSC: OS supports [ASPM ClockPM Segments MSI]
[    0.328073] acpi PNP0A03:00: _OSC: not requesting OS control; OS requires [ExtendedConfig ASPM ClockPM MSI]
[    0.330767] acpi PNP0A03:00: fail to add MMCONFIG information, can't access extended PCI configuration space under this bridge.
[    0.336300] PCI host bridge to bus 0000:00
[    0.337476] pci_bus 0000:00: root bus resource [io  0x0000-0x0cf7 window]
[    0.340017] pci_bus 0000:00: root bus resource [io  0x0d00-0xffff window]
[    0.344011] pci_bus 0000:00: root bus resource [mem 0x000a0000-0x000bffff window]
[    0.348012] pci_bus 0000:00: root bus resource [mem 0x40000000-0xfdffffff window]
[    0.352006] pci_bus 0000:00: root bus resource [bus 00-ff]
[    0.361601] pci 0000:00:01.1: legacy IDE quirk: reg 0x10: [io  0x01f0-0x01f7]
[    0.363449] pci 0000:00:01.1: legacy IDE quirk: reg 0x14: [io  0x03f6]
[    0.364011] pci 0000:00:01.1: legacy IDE quirk: reg 0x18: [io  0x0170-0x0177]
[    0.368006] pci 0000:00:01.1: legacy IDE quirk: reg 0x1c: [io  0x0376]
[    0.398269] pci 0000:00:07.0: quirk: [io  0x4000-0x403f] claimed by PIIX4 ACPI
[    0.400064] pci 0000:00:07.0: quirk: [io  0x4100-0x410f] claimed by PIIX4 SMB
[    0.422442] ACPI: PCI Interrupt Link [LNKA] (IRQs 5 9 10 *11)
[    0.424731] ACPI: PCI Interrupt Link [LNKB] (IRQs 5 9 *10 11)
[    0.428261] ACPI: PCI Interrupt Link [LNKC] (IRQs 5 *9 10 11)
[    0.430015] ACPI: PCI Interrupt Link [LNKD] (IRQs 5 9 10 *11)
[    0.432633] SCSI subsystem initialized
[    0.436101] pci 0000:00:02.0: vgaarb: setting as boot VGA device
[    0.440000] pci 0000:00:02.0: vgaarb: VGA device added: decodes=io+mem,owns=io+mem,locks=none
[    0.440013] pci 0000:00:02.0: vgaarb: bridge control possible
[    0.444010] vgaarb: loaded
[    0.448077] ACPI: bus type USB registered
[    0.452107] usbcore: registered new interface driver usbfs
[    0.456033] usbcore: registered new interface driver hub
[    0.457325] usbcore: registered new device driver usb
[    0.460129] EDAC MC: Ver: 3.0.0
[    0.464310] PCI: Using ACPI for IRQ routing
[    0.465548] NetLabel: Initializing
[    0.468009] NetLabel:  domain hash size = 128
[    0.472004] NetLabel:  protocols = UNLABELED CIPSOv4 CALIPSO
[    0.473508] NetLabel:  unlabeled traffic allowed by default
[    0.474859] clocksource: Switched to clocksource kvm-clock
[    0.496101] VFS: Disk quotas dquot_6.6.0
[    0.497352] VFS: Dquot-cache hash table entries: 512 (order 0, 4096 bytes)
[    0.499315] AppArmor: AppArmor Filesystem Enabled
[    0.50723] pnp: PnP ACPI init
[    0.535442] pnp: PnP ACPI: found 3 devices

[    0.549123] clocksource: ai_pm: mask: 0xffffff maxcycles: 0xffffff, max_idle_ns: 2085701024 ns
[    0.648499] NET: Registered protocol family 2

[    0.650141] TCP established hash table entries: 8192 (order: 4, 65536 bytes)
[    0.671486] TCP bind hash table entries: 8192 (order: 5, 131072 bytes)
[    0.674286] TCP: Hash tables configured (established 8192 bind 8192)
[    0.676181] UDP hash table entries: 512 (order: 2, 16384 bytes)
[    0.678013] UDP-Lite hash table entries: 512 (order2,16384 bytes)
[    0.761028] NET: Registered protocol family 1
[    0.761926] pci 0000:00:00.0: Limiting direct PCI/PCI transfers
[    0.763077] pci 0000:00:01.0: Activating ISA DMA hang workarounds
[    0.764280] pci 0000:00:02.0: Video device with sdowed ROM at [mem 0x000c0000-0x000dffff]
[    0.818066] Unpacking initramfs...

[    1.191206] Freeing initrd memory: 19204K
[    1.192698] clocksource: tsc: mask: 0xffffffffffffffff max_cycles: 0x211399552f8, max_idle_ns: 440795292447 ns
[    1.195454] platform rtc_cmos: registered platform RTC device (no PNP device found)
[    1.203092] Scanning for low memory corruption every 60 seconds
[    1.206575] Initialise system trusted keyrings
[    1.207483] Key type blacklist registered
[    1.208371] workingset: timestamp_bits=36 max_order=18 bucket_order=0
[    1.212016] zbud: loaded
[    1.219144] squashfs: version 4.0 (2009/01/31) Phillip Lougher
[    1.221220] fuse init (API version 7.26)
[    1.228452] Key type asymmetric registered
[    1.229558] Asymmetric key parser 'x509' registered
[    1.230791] Block layer SCSI generic (bsg) driver version 0.4 loaded (major 246)
[    1.236721] io scheduler noop registered
[    1.240925] io scheduler deadline registered
[    1.242201] io scheduler cfq registered (default)
[    1.243978] ACPI: AC Adapter [AC] (on-line)
[    1.245235] input: Power Button as /devices/LNXSYSTM:00/LNXPWRBN:00/input/input0
[    1.247145] ACPI: Power Button [PWRF]
[    1.248188] input: Sleep Button as /devices/LNXSYSTM:00/LNXSLPBN:00/input/input1
[    1.250069] ACPI: Sleep Button [SLPF]
[    1.252918] ACPI: Battery Slot [BAT0] (battery present)
[    1.254509] Serial: 8250/16550 driver, 32 ports, IRQ sharing enabled
[    1.280264] 00:02: ttyS0 at I/O 0x3f8 (irq = 4, base_baud = 115200) is a 16550A
[    1.299543] Linux agpgart interface v0.103
[    1.303494] loop: module loaded
[    1.305425] scsi host0: ata_piix
[    1.306611] scsi host1: ata_piix
[    1.307607] ata1: PATA max UDMA/33 cmd 0x1f0 ctl 0x3f6 bmdma 0xd000 irq 14
[    1.309462] ata2: PATA max UDMA/33 cmd 0x170 ctl 0x376 bmdma 0xd008 irq 15
[    1.324929] libphy: Fixed MDIO Bus: probed
[    1.327122] tun: Universal TUN/TAP device driver, 1.6
[    1.328627] PPP generic driver version 2.4.2
[    1.330005] ehci_hcd: USB 2.0 'Enhanced' Host Controller (EHCI) Driver
[    1.331714] ehci-pci: EHCI PCI platform driver
[    1.333068] ehci-platform: EHCI generic platform driver
[    1.334525] ohci_hcd: USB 1.1 'Open' Host Controller (OHCI) Driver
[    1.336190] ohci-pci: OHCI PCI platform driver
[    1.337465] ohci-platform: OHCI generic platform driver
[    1.338879] uhci_hcd: USB Universal Host Controller Interface driver
[    1.345979] i8042: PNP: PS/2 Controller [PNP0303:PS2K,PNP0f03:PS2M] at 0x60,0x64 irq 1,12
[    1.348857] serio: i8042 KBD port at 0x60,0x64 irq 1
[    1.350281] serio: i8042 AUX port at 0x60,0x64 irq 12
[    1.351957] mousedev: PS/2 mouse device common for all mice
[    1.354427] input: AT Translated Set 2 keyboard as /devices/platform/i8042/serio0/input/input2
[    1.357130] rtc_cmos rtc_cmos: rtc core: registered rtc_cmos as rtc0
[    1.360924] rtc_cmos rtc_cmos: alarms up to one day, 114 bytes nvram
[    1.362650] i2c /dev entries driver
[    1.363762] device-mapper: uevent: version 1.0.3
[    1.371193] device-mapper: ioctl: 4.37.0-ioctl (2017-09-20) initialised: dm-devel@redhat.com
[    1.400806] ledtrig-cpu: registered to indicate activity on CPUs
[    1.402998] NET: Registered protocol family 10
[    1.410866] Segment Routing with IPv6
[    1.412008] NET: Registered protocol family 17
[    1.431792] Key type dns_resolver registered
[    1.443820] mce: Using 0 MCE banks
[    1.450113] RAS: Correctable Errors collector initialized.
[    1.451625] sched_clock: Marking stable (1450061664, 0)->(2659633411, -1209571747)
[    1.459819] registered taskstats version 1
[    1.460684] Loading compiled-in X.509 certificates
[    1.476449] Loaded X.509 cert 'Build time autogenerated kernel key: f0020782f0d3a548186fb3f47aed88387a71e859'
[    1.484482] zswap: loaded using pool lzo/zbud
[    1.491958] Key type big_key registered
[    1.501270] Key type trusted registered
[    1.505466] Key type encrypted registered
[    1.506667] AppArmor: AppArmor sha1 policy hashing enabled
[    1.508254] ima: No TPM chip found, activating TPM-bypass! (rc=-19)
[    1.512803] ima: Allocated hash algorithm: sha1
[    1.513927] evm: HMAC attrs: 0x1
[    1.514885]   Magic number: 12:201:946
[    1.515734] tty tty3: hash matches
[    1.516644] processor cpu1: hash matches
[    1.517754] rtc_cmos rtc_cmos: setting system clock to 2020-03-07 17:54:43 UTC (1583603683)
[    1.519963] BIOS EDD facility v0.16 2004-Jun-25, 0 devices found
[    1.521504] EDD information not available.
[    1.527197] Freeing unused kernel image memory: 2428K
[    1.552107] Write protecting the kernel read-only data: 20480k
[    1.877594] Freeing unused kernel image memory: 2008K
[    1.879481] Freeing unused kernel image memory: 1880K
[    1.897959] x86/mm: Checked W+X mappings: passed, no W+X pages found.
[    2.176645] x86/mm: Checking user space page tables
[    2.188117] x86/mm: Checked W+X mappings: passed, no W+X pages found.
Loading, please wait...
starting version 237
[    2.311131] e1000: Intel(R) PRO/1000 Network Driver - version 7.3.21-k8-NAPI
[    2.317543] e1000: Copyright (c) 1999-2006 Intel Corporation.
[    2.318919] Fusion MPT base driver 3.04.20
[    2.320586] Copyright (c) 1999-2008 LSI Corporation
[    2.329230] Fusion MPT SPI Host driver 3.04.20
[    2.358357] AVX2 version of gcm_enc/dec engaged.
[    2.361660] AES CTR mode by8 optimization enabled
[    2.534106] input: ImExPS/2 Generic Explorer Mouse as /devices/platform/i8042/serio1/input/input4
[    2.755493] e1000 0000:00:03.0 eth0: (PCI:33MHz:32-bit) 02:2a:ce:cf:0d:74
[    2.757407] e1000 0000:00:03.0 eth0: Intel(R) PRO/1000 Network Connection
[    2.760651] mptbase: ioc0: Initiating bringup
[    2.856377] ioc0: LSI53C1030 A0: Capabilities={Initiator}
[    3.098150] scsi host2: ioc0: LSI53C1030 A0, FwRev=00000000h, Ports=1, MaxQ=256, IRQ=20
[    3.288665] scsi 2:0:0:0: Direct-Access     VBOX     HARDDISK         1.0  PQ: 0 ANSI: 5
[    3.344084] scsi target2:0:0: Beginning Domain Validation
[    3.347039] scsi target2:0:0: Domain Validation skipping write tests
[    3.348794] scsi target2:0:0: Ending Domain Validation
[    3.350479] scsi target2:0:0: asynchronous
[    3.352275] scsi 2:0:1:0: Direct-Access     VBOX     HARDDISK         1.0  PQ: 0 ANSI: 5
[    3.655081] scsi target2:0:1: Beginning Domain Validation
[    3.656996] random: fast init done
[    3.658221] scsi target2:0:1: Domain Validation skipping write tests
[    3.659384] scsi target2:0:1: Ending Domain Validation
[    3.660458] scsi target2:0:1: asynchronous
[    3.665146] random: systemd-udevd: uninitialized urandom read (16 bytes read)
[    3.666537] random: systemd-udevd: uninitialized urandom read (16 bytes read)
[    3.667863] random: systemd-udevd: uninitialized urandom read (16 bytes read)
[    3.669465] sd 2:0:0:0: Attached scsi generic sg0 type 0
[    3.670847] sd 2:0:0:0: [sda] 20971520 512-byte logical blocks: (10.7 GB/10.0 GiB)
[    3.671158] sd 2:0:1:0: Attached scsi generic sg1 type 0
[    3.705351] sd 2:0:0:0: [sda] Write Protect is off
[    3.706907] sd 2:0:0:0: [sda] Incomplete mode parameter data
[    3.708465] sd 2:0:0:0: [sda] Assuming drive cache: write through
[    3.710314] sd 2:0:1:0: [sdb] 20480 512-byte logical blocks: (10.5 MB/10.0 MiB)
[    3.713014] e1000 0000:00:08.0 eth1: (PCI:33MHz:32-bit) 08:00:27:48:38:a3
[    3.749728] e1000 0000:00:08.0 eth1: Intel(R) PRO/1000 Network Connection
[    3.757835] sd 2:0:1:0: [sdb] Write Protect is off
[    3.759512] sd 2:0:1:0: [sdb] Incomplete mode parameter data
[    3.760853] e1000 0000:00:03.0 enp0s3: renamed from eth0
[    3.761196] sd 2:0:1:0: [sdb] Assuming drive cache: write through
[    3.781981] e1000 0000:00:08.0 enp0s8: renamed from eth1
[    3.818678]  sda: sda1
[    3.820169] sd 2:0:0:0: [sda] Attached SCSI disk
[    3.850373] sd 2:0:1:0: [sdb] Attached SCSI disk
Begin: Loading essential drivers ... [    5.556077] raid6: sse2x1   gen()  4502 MB/s
[    5.608059] raid6: sse2x1   xor()  5161 MB/s
[    5.656046] raid6: sse2x2   gen()  8676 MB/s
[    5.704068] raid6: sse2x2   xor()  5653 MB/s
[    5.752051] raid6: sse2x4   gen() 10335 MB/s
[    5.800059] raid6: sse2x4   xor()  6370 MB/s
[    5.848044] raid6: avx2x1   gen() 14024 MB/s
[    5.896050] raid6: avx2x1   xor()  9481 MB/s
[    5.944051] raid6: avx2x2   gen() 16332 MB/s
[    5.992045] raid6: avx2x2   xor() 10167 MB/s
[    6.040048] raid6: avx2x4   gen() 18708 MB/s
[    6.088055] raid6: avx2x4   xor() 12052 MB/s
[    6.089204] raid6: using algorithm avx2x4 gen() 18708 MB/s
[    6.092090] raid6: .... xor() 12052 MB/s, rmw enabled
[    6.098760] raid6: using avx2x2 recovery algorithm
[    6.101601] xor: automatically using best checksumming function   avx       
[    6.133501] async_tx: api initialized (async)
done.
Begin: Running /scripts/init-premount ... done.
Begin: Mounting root file system ... Begin: Running /scripts/local-top ... done.
Begin: Running /scripts/local-premount ... [    6.200559] Btrfs loaded, crc32c=crc32c-intel
Scanning for Btrfs filesystems
done.
Warning: fsck not present, so skipping root file system
[    6.351722] EXT4-fs (sda1): mounted filesystem with ordered data mode. Opts: (null)
done.
Begin: Running /scripts/local-bottom ... done.
Begin: Running /scripts/init-bottom ... done.
[    7.607612] ip_tables: (C) 2000-2006 Netfilter Core Team
[    7.991331] systemd[1]: systemd 237 running in system mode. (+PAM +AUDIT +SELINUX +IMA +APPARMOR +SMACK +SYSVINIT +UTMP +LIBCRYPTSETUP +GCRYPT +GNUTLS +ACL +XZ +LZ4 +SECCOMP +BLKID +ELFUTILS +KMOD -IDN2 +IDN -PCRE2 default-hierarchy=hybrid)
[    8.159410] systemd[1]: Detected virtualization oracle.
[    8.166200] systemd[1]: Detected architecture x86-64.

Welcome to [1mUbuntu 18.04.4 LTS[0m!

[    8.221482] systemd[1]: Set hostname to <ubuntu>.
[    8.969524] systemd[1]: Initializing machine ID from random generator.
[    9.172291] systemd[1]: Installed transient /etc/machine-id file.
[    9.260189] random: crng init done
[    9.280736] random: 7 urandom warning(s) missed due to ratelimiting
[   11.199106] systemd[1]: Set up automount Arbitrary Executable File Formats File System Automount Point.
[[0;32m  OK  [0m] Set up automount Arbitrary Executab…rmats File System Automount Point.
[   11.247836] systemd[1]: Reached target Swap.
[[0;32m  OK  [0m] Reached target Swap.
[   11.251746] systemd[1]: Created slice User and Session Slice.
[[0;32m  OK  [0m] Created slice User and Session Slice.
[   11.254405] systemd[1]: Created slice System Slice.
[[0;32m  OK  [0m] Created slice System Slice.
[[0;32m  OK  [0m] Listening on Device-mapper event daemon FIFOs.
[[0;32m  OK  [0m] Created slice system-serial\x2dgetty.slice.
[[0;32m  OK  [0m] Listening on Syslog Socket.
[[0;32m  OK  [0m] Listening on /dev/initctl Compatibility Named Pipe.
[[0;32m  OK  [0m] Listening on udev Control Socket.
[[0;32m  OK  [0m] Reached target Slices.
[[0;32m  OK  [0m] Listening on udev Kernel Socket.
[[0;32m  OK  [0m] Listening on Journal Socket.
         Starting Load Kernel Modules...
         Starting Uncomplicated firewall...
         Mounting Kernel Debug File System...
         Mounting Huge Pages File System...
         Starting udev Coldplug all Devices...
         Starting Set the console keyboard layout...
         Mounting POSIX Message [   11.392663] Loading iSCSI transport class v2.0-870.
Queue File System...
[[0;32m  OK  [0m] Listening on Journal Socket (/dev/log).
[[0;32m  OK  [0m] Listening on Network Service Netlink Socket.
[[0;32m  OK  [0m] Listening on LVM2 poll daemon socket.
         Starting Create list of required st…ce nodes for the current kernel...
[[0;32m  OK  [0m] Reached target User and Group Name Lookups.
         Starting Remount Root and Kernel File Systems...
[[0;32m  OK  [0m] Started Forward Password Requests to Wall Directory Watch.
[[0;32m  OK  [0[   11.629402] iscsi: registered transport (tcp)
m] Listening on LVM2 metadata daemon socket.
[[0;32m  OK  [0m] Reached target System Time Synchronized.
[[0;32m  OK  [0m] Listening on Journal Audit Socket.
         Starting Journal Service...
         Starting Monitoring of LVM2 mirrors…ng dmeventd or progress polling...
[[0;32m  OK  [0m] Started Uncomplicated firewall.
[[0;32m  OK  [0m] Mounted Kernel Debug File System.
[[0;32m  OK  [0m] Mounted Huge Pages File System.
[[0;32m  OK  [0m] Mounted POSIX Message Queue File System.
[[0;32m  OK  [0m] Started Create list of required sta…vice nodes for the current kernel.
         Starting Create Static Device Nodes in /dev...
[[0;32m  OK  [0m] Started udev Coldplug all Devices.
[[0;32m  OK  [0m] Started Journal Service.
[   11.956528] EXT4-fs (sda1): re-mounted. Opts: (null)
[[0;32m  OK  [0m] Started Remount Root and Kernel File Systems.
         Starting Flush Journal to Persistent Storage...
         Starting Load/Save Random Seed...
[[0;32m  OK  [0m] Started Create Static Device Nodes in /dev.
         Starting udev Kernel Device Manager...
[   12.174782] iscsi: registered transport (iser)
[[0;32m  OK  [0m] Started Load Kernel Modules.
         Starting Apply Kernel Variables...
         Mounting FUSE Control File System...
         Mounting Kernel Configuration File System...
[[0;32m  OK  [0m] Mounted FUSE Control File System.
[[0;32m  OK  [0m] Mounted Kernel Configuration File System.
[   12.248174] systemd-journald[394]: Received request to flush runtime journal from PID 1
[[0;32m  OK  [0m] Started Set the console keyboard layout.
[[0;32m  OK  [0m] Started Load/Save Random Seed.
[[0;32m  OK  [0m] Started LVM2 metadata daemon.
[[0;32m  OK  [0m] Started Apply Kernel Variables.
[[0;32m  OK  [0m] Started Flush Journal to Persistent Storage.
[[0;32m  OK  [0m] Started udev Kernel Device Manager.
[[0;32m  OK  [0m] Started Monitoring of LVM2 mirrors,…sing dmeventd or progress polling.
[[0;32m  OK  [0m] Reached target Local File Systems (Pre).
[[0;32m  OK  [0m] Reached target Local File Systems.
         Starting Commit a transient machine-id on disk...
         Starting Create Volatile Files and Directories...
         Starting ebtables ruleset management...
         Starting AppArmor initialization...
         Starting Set console font and keymap...
         Starting Tell Plymouth To Write Out Runtime Data...
[[0;32m  OK  [0m] Started Dispatch Password Requests to Console Directory Watch.
[[0;32m  OK  [0m] Reached target Local Encrypted Volumes.
[[0;32m  OK  [0m] Found device /dev/ttyS0.
[[0;32m  OK  [0m] Started Create Volatile Files and Directories.
         Starting Update UTMP about System Boot/Shutdown...
[[0;32m  OK  [0m] Started Set console font and keymap.
[[0;32m  OK  [0m] Started Tell Plymouth To Write Out Runtime Data.
[[0;32m  OK  [0m] Started Update UTMP about System Boot/Shutdown.
[[0;32m  OK  [0m] Started Commit a transient machine-id on disk.
[[0;32m  OK  [0m] Listening on Load/Save RF Kill Switch Status /dev/rfkill Watch.
[[0;32m  OK  [0m] Started ebtables ruleset management.
[[0;32m  OK  [0m] Started AppArmor initialization.
         Starting Initial cloud-init job (pre-networking)...
[   20.735311] cloud-init[542]: Cloud-init v. 19.4-33-gbb4131a2-0ubuntu1~18.04.1 running 'init-local' at Sat, 07 Mar 2020 17:55:01 +0000. Up 19.91 seconds.
[[0;32m  OK  [0m] Started Initial cloud-init job (pre-networking).
[[0;32m  OK  [0m] Reached target Network (Pre).
         Starting Network Service...
[[0;32m  OK  [0m] Started Network Service.
         Starting Wait for Network to be Configured...
         Starting Network Name Resolution...
[[0;32m  OK  [0m] Started Network Name Resolution.
[[0;32m  OK  [0m] Reached target Host and Network Name Lookups.
[[0;32m  OK  [0m] Reached target Network.
[[0;32m  OK  [0m] Started Wait for Network to be Configured.
         Starting Initial cloud-init job (metadata service crawler)...
[   22.954601] cloud-init[660]: Cloud-init v. 19.4-33-gbb4131a2-0ubuntu1~18.04.1 running 'init' at Sat, 07 Mar 2020 17:55:04 +0000. Up 22.72 seconds.
[   22.969305] cloud-init[660]: ci-info: ++++++++++++++++++++++++++++++++++++++Net device info++++++++++++++++++++++++++++++++++++++
[   22.980566] cloud-init[660]: ci-info: +--------+-------+---------------------------+---------------+--------+-------------------+
[   22.983394] cloud-init[660]: ci-info: | Device |   Up  |          Address          |      Mask     | Scope  |     Hw-Address    |
[   22.986374] cloud-init[660]: ci-info: +--------+-------+---------------------------+---------------+--------+-------------------+
[   23.016274] cloud-init[660]: ci-info: | enp0s3 |  True |         10.0.2.15         | 255.255.255.0 | global | 02:2a:ce:cf:0d:74 |
[   23.027406] cloud-init[660]: ci-info: | enp0s3 |  True | fe80::2a:ceff:fecf:d74/64 |       .       |  link  | 02:2a:ce:cf:0d:74 |
[   23.032478] cloud-init[660]: ci-info: | enp0s8 | False |             .             |       .       |   .    | 08:00:27:48:38:a3 |
[   23.037173] cloud-init[660]: ci-info: |   lo   |  True |         127.0.0.1         |   255.0.0.0   |  host  |         .         |
[   23.046630] cloud-init[660]: ci-info: |   lo   |  True |          ::1/128          |       .       |  host  |         .         |
[   23.050171] cloud-init[660]: ci-info: +--------+-------+---------------------------+---------------+--------+-------------------+
[   23.052784] cloud-init[660]: ci-info: ++++++++++++++++++++++++++++Route IPv4 info+++++++++++++++++++++++++++++
[   23.055260] cloud-init[660]: ci-info: +-------+-------------+----------+-----------------+-----------+-------+
[   23.061989] cloud-init[660]: ci-info: | Route | Destination | Gateway  |     Genmask     | Interface | Flags |
[   23.063796] cloud-init[660]: ci-info: +-------+-------------+----------+-----------------+-----------+-------+
[   23.065556] cloud-init[660]: ci-info: |   0   |   0.0.0.0   | 10.0.2.2 |     0.0.0.0     |   enp0s3  |   UG  |
[   23.067130] cloud-init[660]: ci-info: |   1   |   10.0.2.0  | 0.0.0.0  |  255.255.255.0  |   enp0s3  |   U   |
[   23.069083] cloud-init[660]: ci-info: |   2   |   10.0.2.2  | 0.0.0.0  | 255.255.255.255 |   enp0s3  |   UH  |
[   23.074488] cloud-init[660]: ci-info: +-------+-------------+----------+-----------------+-----------+-------+
[   23.076535] cloud-init[660]: ci-info: +++++++++++++++++++Route IPv6 info+++++++++++++++++++
[   23.078333] cloud-init[660]: ci-info: +-------+-------------+---------+-----------+-------+
[   23.080100] cloud-init[660]: ci-info: | Route | Destination | Gateway | Interface | Flags |
[   23.081884] cloud-init[660]: ci-info: +-------+-------------+---------+-----------+-------+
[   23.083686] cloud-init[660]: ci-info: |   1   |  fe80::/64  |    ::   |   enp0s3  |   U   |
[   23.125010] cloud-init[660]: ci-info: |   3   |    local    |    ::   |   enp0s3  |   U   |
[   23.127156] cloud-init[660]: ci-info: |   4   |   ff00::/8  |    ::   |   enp0s3  |   U   |
[   23.129426] cloud-init[660]: ci-info: +-------+-------------+---------+-----------+-------+
[   25.099854] cloud-init[660]: Generating public/private rsa key pair.
[   25.131587] cloud-init[660]: Your identification has been saved in /etc/ssh/ssh_host_rsa_key.
[   25.133920] cloud-init[660]: Your public key has been saved in /etc/ssh/ssh_host_rsa_key.pub.
[   25.136084] cloud-init[660]: The key fingerprint is:
[   25.137483] cloud-init[660]: SHA256:Rw09Xae4hD3jJyDYHWFj0DAb65V/JwdfF90aYD7hUiM root@ubuntu-bionic
[   25.139783] cloud-init[660]: The key's randomart image is:
[   25.141348] cloud-init[660]: +---[RSA 2048]----+
[   25.142647] cloud-init[660]: |        =+Eo*o o=|
[   25.143841] cloud-init[660]: |       o O.#o+o.=|
[   25.145228] cloud-init[660]: |      . = O @.ooo|
[   25.146479] cloud-init[660]: |       . + * =.oo|
[   25.147687] cloud-init[660]: |        S . = + +|
[   25.149080] cloud-init[660]: |         .   + + |
[   25.184438] cloud-init[660]: |                 |
[   25.185892] cloud-init[660]: |                 |
[   25.187194] cloud-init[660]: |                 |
[   25.188455] cloud-init[660]: +----[SHA256]-----+
[   25.189721] cloud-init[660]: Generating public/private dsa key pair.
[[0;32m  OK  [0m] Started Initial cloud-init job (metadata service crawler).
[   25.209265] cloud-init[660]: Your identification has been saved in /etc/ssh/ssh_host_dsa_key.
[[0;32m  OK  [0m] Reached target Cloud-config availability.
[   25.213131] [[0;32m  OK  [0m] Reached target System Initialization.
[[0;32m  OK  [0m] Started Discard unused blocks once a week.
cloud-init[660]: Your public key has been saved in /etc/ssh/ssh_host_dsa_key.pub.
[   25.231243] cloud-init[660]: The key fingerprint is:
[   25.232480] cloud-init[660]: SHA256:P4YlDwD8k7Nr6PuB1oaQ4gC9jpRjS2+q9GoIRKB6YGQ root@ubuntu-bionic
         Starting LXD - unix socket.
[   25.254404] [[0;32m  OK  [0m] Started Daily Cleanup of Temporary Directories.
[[0;32m  OK  [0m] Started Daily apt download activities.
[[0;32m  OK  [0m] Started Daily apt upgrade and clean activities.
cloud-init[660]: The key's randomart image is:
[   25.263415] cloud-init[660]: +---[DSA 1024]----+
[   25.277593] [[0;32m  OK  [0m] Started ACPI Events Check.
cloud-init[[0;32m  OK  [0m] Listening on UUID daemon activation socket.
[[0;32m  OK  [0m] Started Message of the Day.
[[0;32m  OK  [0m] Listening on D-Bus System Message Bus Socket.
[[0;32m  OK  [0m] Listening on ACPID Listen Socket.
[660]: |oE ..            |
         Starting Socket activation for snappy daemon.
[   25.313076] [[0;32m  OK  [0m] Reached target Paths.
[[0;32m  OK  [0m] Reached target Timers.
[[0;32m  OK  [0m] Listening on Open-iSCSI iscsid Socket.
[[0;32m  OK  [0m] Reached target Network is Online.
cloud-init[660]: |+o  ..           |
         Starting Availability of block devices...
[   25.332404] [cloud-init[0;32m  OK  [0m[660]: ] |=..  ...         |Reached target Remote File Systems (Pre).

[[0;32m  OK  [0m] Reached target Remote File Systems.
[   25.395570] [[0;32m  OK  [0m] Listening on LXD - unix socket.
[[0;32m  OK  [0m] Listening on Socket activation for snappy daemon.
cloud-init[660]: |+o.o  =.         |
[[0;32m  OK  [0m] Started Availability of block devices.
[   25.429191] [[0;32m  OK  [0m] Reached target Sockets.
[[0;32m  OK  [0m] Reached target Basic System.
cloud-init[660]: |=*=    +S .      |
         Starting Dispatcher daemon for systemd-networkd...
[   25.477385] cloud-init[660]: |B=+. +.  B       |
         [   25.508672] cloud-init[660]: |++.o+.+.. =      |
Starting System Logging Service...
         [   25.537395] cloud-init[660]: |o.+...o. . .     |
[   25.537798] cloud-init[660]: |+o.oo+.          |
[   25.538246] cloud-init[660]: +----[SHA256]-----+
[   25.538699] cloud-init[660]: Generating public/private ecdsa key pair.
[   25.539206] cloud-init[660]: Your identification has been saved in /etc/ssh/ssh_host_ecdsa_key.
[   25.539647] cloud-init[660]: Your public key has been saved in /etc/ssh/ssh_host_ecdsa_key.pub.
[   25.540354] cloud-init[660]: The key fingerprint is:
[   25.540785] cloud-init[660]: SHA256:EPo3zScL7KrLD/er9ajNJkGa9q9zWKUu7Yf8MO3KotE root@ubuntu-bionic
[   25.541293] cloud-init[660]: The key's randomart image is:
[   25.541721] cloud-init[660]: +---[ECDSA 256]---+
[   25.542181] cloud-init[660]: |      .          |
Starting Login Service...
[   25.542454] cloud-init[660]: |     . .         |
         [   25.646880] Starting LSB: automatic crash report generation...cloud-init
[660]: |    . .          |
         [   25.661093] cloud-init[660]: |     ..o o.      |
[   25.661458] cloud-init[660]: |     +. So+ .    |
[   25.661888] cloud-init[660]: |    +..oo+ +     |
[   25.662300] cloud-init[660]: |   .o.EB=.o      |
[   25.662732] cloud-init[660]: |   . +BBB*.      |
[   25.663167] cloud-init[660]: |    ==*&@=+      |
[   25.663614] cloud-init[660]: +----[SHA256]-----+
[   25.664104] cloud-init[660]: Generating public/private ed25519 key pair.
Starting Virtualbox guest utils...
[   25.664606] cloud-init[660]: Your identification has been saved in /etc/ssh/ssh_host_ed25519_key.
[   25.714601] cloud-init[660]: Your public key has been saved in /etc/ssh/ssh_host_ed25519_key.pub.
[[   25.784390] cloud-init[660]: The key fingerprint is:
[0;32m  OK  [0m] Started Regular background program processing daemon.
[   25.787574] cloud-init[660]: SHA256:VeBijC3KjcjlLtN6+2sHnmQKO8aP0ZUAQ7mFnWXJO8E root@ubuntu-bionic
[   25.846287] cloud-init[660]: The key's randomart image is:
[   25.847596] cloud-init[660]: +--[ED25519 256]--+
[   25.848671] cloud-init[660]: | .++ =o.  ...    |
[   25.850331] cloud-init[660]: |  oo+.E+ . .     |
[   25.851591] cloud-init[660]: |   oo oo= o      |
[   25.853003] cloud-init[660]: | ..= =o+ o       |
[   25.864362] cloud-init[660]: |  o = +.S        |
[   25.866738] cloud-init[660]: |  .+ .+          |
[   25.867767] cloud-init[660]: | .+o+= o         |
[   25.868787] cloud-init[660]: |  =*o + .        |
[   25.870415] cloud-init[660]: | .o+o+oo         |
[   25.871536] cloud-init[660]: +----[SHA256]-----+
         Starting Pollinate to seed the pseudo random number generator...
         Starting Snappy daemon...
[[0;32m  OK  [0m] Started D-Bus System Message Bus.
         Starting Permit User Sessions...
         Starting Accounts Service...
[[0;32m  OK  [0m] Started Deferred execution scheduler.
[[0;32m  OK  [0m] Started irqbalance daemon.
         Starting LSB: Record successful boot for GRUB...
         Starting LXD - container startup/shutdown...
[[0;32m  OK  [0m] Started FUSE filesystem for LXC.
[[0;32m  OK  [0m] Started System Logging Service.
[[0;32m  OK  [0m] Started Permit User Sessions.
[[0;32m  OK  [0m] Started Login Service.
[[0;32m  OK  [0m] Started Unattended Upgrades Shutdown.
         Starting Terminate Plymouth Boot Screen...
         Starting Hold until boot process finishes up...
[[0;32m  OK  [0m] Started Hold until boot process finishes up.
         Starting Set console scheme...
[[0;32m  OK  [0m] Started Serial Getty on ttyS0.
[[0;32m  OK  [0m] Started Terminate Plymouth Boot Screen.
[[0;32m  OK  [0m] Started Dispatcher daemon for systemd-networkd.
[[0;32m  OK  [0m] Started Set console scheme.
[[0;32m  OK  [0m] Created slice system-getty.slice.
[[0;32m  OK  [0m] Started Getty on tty1.
[[0;32m  OK  [0m] Reached target Login Prompts.
[[0;32m  OK  [0m] Started LSB: automatic crash report generation.
         Starting Authorization Manager...
[[0;32m  OK  [0m] Started LSB: Record successful boot for GRUB.
[[0;32m  OK  [0m] Started Authorization Manager.
[[0;32m  OK  [0m] Started Accounts Service.
[[0;32m  OK  [0m] Started Virtualbox guest utils.
[[0;32m  OK  [0m] Started LXD - container startup/shutdown.
[[0;32m  OK  [0m] Started Snappy daemon.
         Starting Wait until snapd is fully seeded...
[[0;32m  OK  [0m] Started Pollinate to seed the pseudo random number generator.
         Starting OpenBSD Secure Shell server...
[[0;32m  OK  [0m] Started OpenBSD Secure Shell server.

Ubuntu 18.04.4 LTS ubuntu-bionic ttyS0

ubuntu-bionic login: [   47.450321] cloud-init[1780]: Cloud-init v. 19.4-33-gbb4131a2-0ubuntu1~18.04.1 running 'modules:config' at Sat, 07 Mar 2020 17:55:25 +0000. Up 43.53 seconds.
ci-info: no authorized SSH keys fingerprints found for user ubuntu.
<14>Mar  7 17:55:30 ec2: 
<14>Mar  7 17:55:30 ec2: #############################################################
<14>Mar  7 17:55:30 ec2: -----BEGIN SSH HOST KEY FINGERPRINTS-----
<14>Mar  7 17:55:30 ec2: 1024 SHA256:P4YlDwD8k7Nr6PuB1oaQ4gC9jpRjS2+q9GoIRKB6YGQ root@ubuntu-bionic (DSA)
<14>Mar  7 17:55:30 ec2: 256 SHA256:EPo3zScL7KrLD/er9ajNJkGa9q9zWKUu7Yf8MO3KotE root@ubuntu-bionic (ECDSA)
<14>Mar  7 17:55:30 ec2: 256 SHA256:VeBijC3KjcjlLtN6+2sHnmQKO8aP0ZUAQ7mFnWXJO8E root@ubuntu-bionic (ED25519)
<14>Mar  7 17:55:30 ec2: 2048 SHA256:Rw09Xae4hD3jJyDYHWFj0DAb65V/JwdfF90aYD7hUiM root@ubuntu-bionic (RSA)
<14>Mar  7 17:55:30 ec2: -----END SSH HOST KEY FINGERPRINTS-----
<14>Mar  7 17:55:30 ec2: #############################################################
-----BEGIN SSH HOST KEY KEYS-----
ecdsa-sha2-nistp256 AAAAE2VjZHNhLXNoYTItbmlzdHAyNTYAAAAIbmlzdHAyNTYAAABBBB4X6kPtVmTct7zvNIapOF7tUB63NT4n1iCAAcUwwIJqJGw0ggBoO77bt1ldbSV4CG9ULfpN67R5rCXHA5Tt5dU= root@ubuntu-bionic
ssh-ed25519 AAAAC3NzaC1lZDI1NTE5AAAAICnLtrZInpsYwa1zZmH9sGxxHKqkPhl2QUBbF7J2OAoY root@ubuntu-bionic
ssh-rsa AAAAB3NzaC1yc2EAAAADAQABAAABAQDPnXa/Coz+NSXhSfZPD8lDpwq1162gS/bY4lQYPIJvkgsYupkoqKBzy6EsZViq7f4DXmdDYRjZfFWYCdAHCiPmMQb3bHsycLenwg4VfrQwp+nhD/P1SVerOvQZ2zBGTkplcGwvSvdWCwQGGdGs+6eNsCR2U+oIinZPBrDj+Mwo3zSHGxwe50dvlA+sG3/peuieIaryVa3cxlC7qwYxciuCHqpFFR+TpiRERL+iop6uyswxQJDWcxLYYhdsevDuXaUkxaUsXwkhDigNxFKREoVKLnH59atE1yFMMEmuVjP/439VtfZfhk92GILeT3BYhyIF2KblIEWigF1EW6qUKVO/ root@ubuntu-bionic
-----END SSH HOST KEY KEYS-----
[   48.338096] cloud-init[1831]: Cloud-init v. 19.4-33-gbb4131a2-0ubuntu1~18.04.1 running 'modules:final' at Sat, 07 Mar 2020 17:55:29 +0000. Up 47.98 seconds.
[   48.338291] cloud-init[1831]: ci-info: no authorized SSH keys fingerprints found for user ubuntu.
[   48.338396] cloud-init[1831]: Cloud-init v. 19.4-33-gbb4131a2-0ubuntu1~18.04.1 finished at Sat, 07 Mar 2020 17:55:30 +0000. Datasource DataSourceNoCloud [seed=/dev/sdb][dsmode=net].  Up 48.32 seconds
